i_Store/app/build/intermediates/manifest_merge_blame_file/debug/manifest-merger-blame-debug-report.txt
1<?xml version="1.0" encoding="utf-8"?>
2<manifest xmlns:android="http://schemas.android.com/apk/res/android"
3    package="com.example.i_store"
4    android:versionCode="1"
5    android:versionName="1.0" >
6
7    <uses-sdk
8        android:minSdkVersion="16"
8-->src\main\AndroidManifest.xml
9        android:targetSdkVersion="29" />
9-->src\main\AndroidManifest.xml
10
11    <uses-permission android:name="android.permission.CALL_PHONE" />
11-->src\main\AndroidManifest.xml:6:5-69
11-->src\main\AndroidManifest.xml:6:22-66
12    <uses-permission android:name="android.permission.INTERNET" />
12-->src\main\AndroidManifest.xml:7:5-67
12-->src\main\AndroidManifest.xml:7:22-64
13
14    <!-- Although the *SdkVersion is captured in gradle build files, this is required for non gradle builds -->
15    <!-- <uses-sdk android:minSdkVersion="14"/> -->
16    <uses-permission android:name="android.permission.ACCESS_NETWORK_STATE" />
16-->[com.google.firebase:firebase-storage:19.1.1] AndroidManifest.xml:26:5-79
16-->[com.google.firebase:firebase-storage:19.1.1] AndroidManifest.xml:26:22-76
17    <uses-permission android:name="android.permission.WAKE_LOCK" /> <!-- Required by older versions of Google Play services to create IID tokens -->
17-->[com.google.android.gms:play-services-measurement-api:17.2.2] AndroidManifest.xml:24:5-68
17-->[com.google.android.gms:play-services-measurement-api:17.2.2] AndroidManifest.xml:24:22-65
18    <uses-permission android:name="com.google.android.c2dm.permission.RECEIVE" />
18-->[com.google.firebase:firebase-iid:20.1.5] AndroidManifest.xml:26:5-82
18-->[com.google.firebase:firebase-iid:20.1.5] AndroidManifest.xml:26:22-79
19    <uses-permission android:name="com.google.android.finsky.permission.BIND_GET_INSTALL_REFERRER_SERVICE" />
19-->[com.google.android.gms:play-services-measurement:17.2.2] AndroidManifest.xml:26:5-110
19-->[com.google.android.gms:play-services-measurement:17.2.2] AndroidManifest.xml:26:22-107
20
21    <application
21-->src\main\AndroidManifest.xml:9:5-51:19
22        android:allowBackup="true"
22-->src\main\AndroidManifest.xml:10:9-35
23        android:appComponentFactory="androidx.core.app.CoreComponentFactory"
23-->[androidx.core:core:1.1.0] AndroidManifest.xml:24:18-86
24        android:debuggable="true"
25        android:icon="@mipmap/carticon"
25-->src\main\AndroidManifest.xml:11:9-40
26        android:label="@string/app_name"
26-->src\main\AndroidManifest.xml:12:9-41
27        android:roundIcon="@mipmap/carticon"
27-->src\main\AndroidManifest.xml:13:9-45
28        android:supportsRtl="true"
28-->src\main\AndroidManifest.xml:14:9-35
29        android:testOnly="true"
30        android:theme="@style/AppTheme" >
30-->src\main\AndroidManifest.xml:15:9-40
31        <activity android:name="com.example.i_store.report" />
31-->src\main\AndroidManifest.xml:17:9-53
31-->src\main\AndroidManifest.xml:17:19-41
32        <activity android:name="com.example.i_store.image" />
32-->src\main\AndroidManifest.xml:18:9-43
32-->src\main\AndroidManifest.xml:18:19-40
33        <activity android:name="com.example.i_store.update_password" />
33-->src\main\AndroidManifest.xml:19:9-53
33-->src\main\AndroidManifest.xml:19:19-50
34        <activity android:name="com.example.i_store.videogames" />
34-->src\main\AndroidManifest.xml:20:9-48
34-->src\main\AndroidManifest.xml:20:19-45
35        <activity android:name="com.example.i_store.ui.home.alllproducts" />
35-->src\main\AndroidManifest.xml:21:9-58
35-->src\main\AndroidManifest.xml:21:19-55
36        <activity
36-->src\main\AndroidManifest.xml:22:9-25:59
37            android:name="com.example.i_store.category"
37-->src\main\AndroidManifest.xml:23:13-37
38            android:label="@string/title_activity_category"
38-->src\main\AndroidManifest.xml:24:13-60
39            android:theme="@style/AppTheme.NoActionBar" />
39-->src\main\AndroidManifest.xml:25:13-56
40        <activity android:name="com.example.i_store.productdeteals" />
40-->src\main\AndroidManifest.xml:26:9-52
40-->src\main\AndroidManifest.xml:26:19-49
41        <activity android:name="com.example.i_store.addproduct" />
41-->src\main\AndroidManifest.xml:27:9-48
41-->src\main\AndroidManifest.xml:27:19-45
42        <activity android:name="com.example.i_store.MainActivity" />
42-->src\main\AndroidManifest.xml:28:9-50
42-->src\main\AndroidManifest.xml:28:19-47
43        <activity android:name="com.example.i_store.books" />
43-->src\main\AndroidManifest.xml:29:9-43
43-->src\main\AndroidManifest.xml:29:19-40
44        <activity android:name="com.example.i_store.cars" />
44-->src\main\AndroidManifest.xml:30:9-42
44-->src\main\AndroidManifest.xml:30:19-39
45        <activity android:name="com.example.i_store.computers" />
45-->src\main\AndroidManifest.xml:31:9-47
45-->src\main\AndroidManifest.xml:31:19-44
46        <activity android:name="com.example.i_store.ForgetPassword" />
46-->src\main\AndroidManifest.xml:32:9-52
46-->src\main\AndroidManifest.xml:32:19-49
47        <activity android:name="com.example.i_store.kids" />
47-->src\main\AndroidManifest.xml:33:9-42
47-->src\main\AndroidManifest.xml:33:19-39
48        <activity android:name="com.example.i_store.health" />
48-->src\main\AndroidManifest.xml:34:9-44
48-->src\main\AndroidManifest.xml:34:19-41
49        <activity android:name="com.example.i_store.music" />
49-->src\main\AndroidManifest.xml:35:9-43
49-->src\main\AndroidManifest.xml:35:19-40
50        <activity android:name="com.example.i_store.phones" />
50-->src\main\AndroidManifest.xml:36:9-44
50-->src\main\AndroidManifest.xml:36:19-41
51        <activity android:name="com.example.i_store.signup" />
51-->src\main\AndroidManifest.xml:37:9-44
51-->src\main\AndroidManifest.xml:37:19-41
52        <activity android:name="com.example.i_store.watches" />
52-->src\main\AndroidManifest.xml:38:9-45
52-->src\main\AndroidManifest.xml:38:19-42
53        <activity android:name="com.example.i_store.splash" >
53-->src\main\AndroidManifest.xml:39:9-45:20
53-->src\main\AndroidManifest.xml:39:19-41
54            <intent-filter>
54-->src\main\AndroidManifest.xml:40:13-44:29
55                <action android:name="android.intent.action.MAIN" />
55-->src\main\AndroidManifest.xml:41:17-69
55-->src\main\AndroidManifest.xml:41:25-66
56
57                <category android:name="android.intent.category.LAUNCHER" />
57-->src\main\AndroidManifest.xml:43:17-77
57-->src\main\AndroidManifest.xml:43:27-74
58            </intent-filter>
59        </activity>
60        <activity android:name="com.example.i_store.sports" />
60-->src\main\AndroidManifest.xml:46:9-44
60-->src\main\AndroidManifest.xml:46:19-41
61        <activity android:name="com.example.i_store.Fashion" />
61-->src\main\AndroidManifest.xml:47:9-45
61-->src\main\AndroidManifest.xml:47:19-42
62
63        <provider
63-->[com.squareup.picasso:picasso:2.71828] AndroidManifest.xml:8:9-11:40
64            android:name="com.squareup.picasso.PicassoProvider"
64-->[com.squareup.picasso:picasso:2.71828] AndroidManifest.xml:9:13-64
65            android:authorities="com.example.i_store.com.squareup.picasso"
65-->[com.squareup.picasso:picasso:2.71828] AndroidManifest.xml:10:13-72
66            android:exported="false" />
66-->[com.squareup.picasso:picasso:2.71828] AndroidManifest.xml:11:13-37
67        <!--
68             FirebaseMessagingService performs security checks at runtime,
69             but set to not exported to explicitly avoid allowing another app to call it.
70        -->
71        <service
71-->[com.google.firebase:firebase-messaging:20.1.5] AndroidManifest.xml:28:9-34:19
72            android:name="com.google.firebase.messaging.FirebaseMessagingService"
72-->[com.google.firebase:firebase-messaging:20.1.5] AndroidManifest.xml:29:13-82
73            android:exported="false" >
73-->[com.google.firebase:firebase-messaging:20.1.5] AndroidManifest.xml:30:13-37
74            <intent-filter android:priority="-500" >
74-->[com.google.firebase:firebase-messaging:20.1.5] AndroidManifest.xml:31:13-33:29
74-->[com.google.firebase:firebase-messaging:20.1.5] AndroidManifest.xml:31:28-51
75                <action android:name="com.google.firebase.MESSAGING_EVENT" />
75-->[com.google.firebase:firebase-messaging:20.1.5] AndroidManifest.xml:32:17-78
75-->[com.google.firebase:firebase-messaging:20.1.5] AndroidManifest.xml:32:25-75
76            </intent-filter>
77        </service>
78        <service
78-->[com.google.firebase:firebase-messaging:20.1.5] AndroidManifest.xml:35:9-41:19
79            android:name="com.google.firebase.components.ComponentDiscoveryService"
79-->[com.google.firebase:firebase-messaging:20.1.5] AndroidManifest.xml:36:13-84
80            android:directBootAware="true"
80-->[com.google.firebase:firebase-common:19.3.0] AndroidManifest.xml:34:13-43
81            android:exported="false" >
81-->[com.google.firebase:firebase-messaging:20.1.5] AndroidManifest.xml:37:13-37
82            <meta-data
82-->[com.google.firebase:firebase-messaging:20.1.5] AndroidManifest.xml:38:13-40:85
83                android:name="com.google.firebase.components:com.google.firebase.messaging.FirebaseMessagingRegistrar"
83-->[com.google.firebase:firebase-messaging:20.1.5] AndroidManifest.xml:39:17-119
84                android:value="com.google.firebase.components.ComponentRegistrar" />
84-->[com.google.firebase:firebase-messaging:20.1.5] AndroidManifest.xml:40:17-82
85            <meta-data
85-->[com.google.firebase:firebase-storage:19.1.1] AndroidManifest.xml:33:13-35:85
86                android:name="com.google.firebase.components:com.google.firebase.storage.StorageRegistrar"
86-->[com.google.firebase:firebase-storage:19.1.1] AndroidManifest.xml:34:17-107
87                android:value="com.google.firebase.components.ComponentRegistrar" />
87-->[com.google.firebase:firebase-storage:19.1.1] AndroidManifest.xml:35:17-82
88            <meta-data
88-->[com.google.firebase:firebase-database:19.2.1] AndroidManifest.xml:32:13-34:85
89                android:name="com.google.firebase.components:com.google.firebase.database.DatabaseRegistrar"
89-->[com.google.firebase:firebase-database:19.2.1] AndroidManifest.xml:33:17-109
90                android:value="com.google.firebase.components.ComponentRegistrar" />
90-->[com.google.firebase:firebase-database:19.2.1] AndroidManifest.xml:34:17-82
91            <meta-data
91-->[com.google.firebase:firebase-auth:19.3.0] AndroidManifest.xml:36:13-38:85
92                android:name="com.google.firebase.components:com.google.firebase.auth.FirebaseAuthRegistrar"
92-->[com.google.firebase:firebase-auth:19.3.0] AndroidManifest.xml:37:17-109
93                android:value="com.google.firebase.components.ComponentRegistrar" />
93-->[com.google.firebase:firebase-auth:19.3.0] AndroidManifest.xml:38:17-82
94            <meta-data
94-->[com.google.firebase:firebase-datatransport:17.0.3] AndroidManifest.xml:28:13-30:85
95                android:name="com.google.firebase.components:com.google.firebase.datatransport.TransportRegistrar"
95-->[com.google.firebase:firebase-datatransport:17.0.3] AndroidManifest.xml:29:17-115
96                android:value="com.google.firebase.components.ComponentRegistrar" />
96-->[com.google.firebase:firebase-datatransport:17.0.3] AndroidManifest.xml:30:17-82
97            <meta-data
97-->[com.google.android.gms:play-services-measurement-api:17.2.2] AndroidManifest.xml:30:13-32:85
98                android:name="com.google.firebase.components:com.google.firebase.analytics.connector.internal.AnalyticsConnectorRegistrar"
98-->[com.google.android.gms:play-services-measurement-api:17.2.2] AndroidManifest.xml:31:17-139
99                android:value="com.google.firebase.components.ComponentRegistrar" />
99-->[com.google.android.gms:play-services-measurement-api:17.2.2] AndroidManifest.xml:32:17-82
100            <meta-data
100-->[com.google.firebase:firebase-iid:20.1.5] AndroidManifest.xml:32:13-34:85
101                android:name="com.google.firebase.components:com.google.firebase.iid.Registrar"
101-->[com.google.firebase:firebase-iid:20.1.5] AndroidManifest.xml:33:17-96
102                android:value="com.google.firebase.components.ComponentRegistrar" />
102-->[com.google.firebase:firebase-iid:20.1.5] AndroidManifest.xml:34:17-82
103            <meta-data
103-->[com.google.firebase:firebase-installations:16.2.1] AndroidManifest.xml:17:13-19:85
104                android:name="com.google.firebase.components:com.google.firebase.installations.FirebaseInstallationsRegistrar"
104-->[com.google.firebase:firebase-installations:16.2.1] AndroidManifest.xml:18:17-127
105                android:value="com.google.firebase.components.ComponentRegistrar" />
105-->[com.google.firebase:firebase-installations:16.2.1] AndroidManifest.xml:19:17-82
106        </service>
107
108        <activity
108-->[com.google.firebase:firebase-auth:19.3.0] AndroidManifest.xml:24:9-31:50
109            android:name="com.google.firebase.auth.internal.FederatedSignInActivity"
109-->[com.google.firebase:firebase-auth:19.3.0] AndroidManifest.xml:25:13-85
110            android:excludeFromRecents="true"
110-->[com.google.firebase:firebase-auth:19.3.0] AndroidManifest.xml:26:13-46
111            android:exported="true"
111-->[com.google.firebase:firebase-auth:19.3.0] AndroidManifest.xml:27:13-36
112            android:launchMode="singleTask"
112-->[com.google.firebase:firebase-auth:19.3.0] AndroidManifest.xml:28:13-44
113            android:permission="com.google.firebase.auth.api.gms.permission.LAUNCH_FEDERATED_SIGN_IN"
113-->[com.google.firebase:firebase-auth:19.3.0] AndroidManifest.xml:29:13-102
114            android:theme="@android:style/Theme.Translucent.NoTitleBar" />
114-->[com.google.firebase:firebase-auth:19.3.0] AndroidManifest.xml:30:13-72
115
116        <service
116-->[com.google.android.datatransport:transport-backend-cct:2.2.0] AndroidManifest.xml:29:9-35:19
117            android:name="com.google.android.datatransport.runtime.backends.TransportBackendDiscovery"
117-->[com.google.android.datatransport:transport-backend-cct:2.2.0] AndroidManifest.xml:30:13-103
118            android:exported="false" >
118-->[com.google.android.datatransport:transport-backend-cct:2.2.0] AndroidManifest.xml:31:13-37
119            <meta-data
119-->[com.google.android.datatransport:transport-backend-cct:2.2.0] AndroidManifest.xml:32:13-34:39
120                android:name="backend:com.google.android.datatransport.cct.CctBackendFactory"
120-->[com.google.android.datatransport:transport-backend-cct:2.2.0] AndroidManifest.xml:33:17-94
121                android:value="cct" />
121-->[com.google.android.datatransport:transport-backend-cct:2.2.0] AndroidManifest.xml:34:17-36
122        </service>
123        <service
123-->[com.google.android.datatransport:transport-runtime:2.2.0] AndroidManifest.xml:26:9-30:19
124            android:name="com.google.android.datatransport.runtime.scheduling.jobscheduling.JobInfoSchedulerService"
124-->[com.google.android.datatransport:transport-runtime:2.2.0] AndroidManifest.xml:27:13-117
125            android:exported="false"
125-->[com.google.android.datatransport:transport-runtime:2.2.0] AndroidManifest.xml:28:13-37
126            android:permission="android.permission.BIND_JOB_SERVICE" >
126-->[com.google.android.datatransport:transport-runtime:2.2.0] AndroidManifest.xml:29:13-69
127        </service>
128
129        <receiver
129-->[com.google.android.datatransport:transport-runtime:2.2.0] AndroidManifest.xml:32:9-34:40
130            android:name="com.google.android.datatransport.runtime.scheduling.jobscheduling.AlarmManagerSchedulerBroadcastReceiver"
130-->[com.google.android.datatransport:transport-runtime:2.2.0] AndroidManifest.xml:33:13-132
131            android:exported="false" />
131-->[com.google.android.datatransport:transport-runtime:2.2.0] AndroidManifest.xml:34:13-37
132        <receiver
132-->[com.google.firebase:firebase-iid:20.1.5] AndroidManifest.xml:37:9-44:20
133            android:name="com.google.firebase.iid.FirebaseInstanceIdReceiver"
133-->[com.google.firebase:firebase-iid:20.1.5] AndroidManifest.xml:38:13-78
134            android:exported="true"
134-->[com.google.firebase:firebase-iid:20.1.5] AndroidManifest.xml:39:13-36
135            android:permission="com.google.android.c2dm.permission.SEND" >
135-->[com.google.firebase:firebase-iid:20.1.5] AndroidManifest.xml:40:13-73
136            <intent-filter>
136-->[com.google.firebase:firebase-iid:20.1.5] AndroidManifest.xml:41:13-43:29
137                <action android:name="com.google.android.c2dm.intent.RECEIVE" />
137-->[com.google.firebase:firebase-iid:20.1.5] AndroidManifest.xml:42:17-81
137-->[com.google.firebase:firebase-iid:20.1.5] AndroidManifest.xml:42:25-78
138            </intent-filter>
139        </receiver>
140
141        <provider
141-->[com.google.firebase:firebase-common:19.3.0] AndroidManifest.xml:26:9-30:39
142            android:name="com.google.firebase.provider.FirebaseInitProvider"
142-->[com.google.firebase:firebase-common:19.3.0] AndroidManifest.xml:27:13-77
143            android:authorities="com.example.i_store.firebaseinitprovider"
143-->[com.google.firebase:firebase-common:19.3.0] AndroidManifest.xml:28:13-72
144            android:exported="false"
144-->[com.google.firebase:firebase-common:19.3.0] AndroidManifest.xml:29:13-37
145            android:initOrder="100" />
145-->[com.google.firebase:firebase-common:19.3.0] AndroidManifest.xml:30:13-36
146
147        <receiver
147-->[com.google.android.gms:play-services-measurement:17.2.2] AndroidManifest.xml:29:9-33:20
148            android:name="com.google.android.gms.measurement.AppMeasurementReceiver"
148-->[com.google.android.gms:play-services-measurement:17.2.2] AndroidManifest.xml:30:13-85
149            android:enabled="true"
149-->[com.google.android.gms:play-services-measurement:17.2.2] AndroidManifest.xml:31:13-35
150            android:exported="false" >
150-->[com.google.android.gms:play-services-measurement:17.2.2] AndroidManifest.xml:32:13-37
151        </receiver>
152        <receiver
152-->[com.google.android.gms:play-services-measurement:17.2.2] AndroidManifest.xml:34:9-42:20
153            android:name="com.google.android.gms.measurement.AppMeasurementInstallReferrerReceiver"
153-->[com.google.android.gms:play-services-measurement:17.2.2] AndroidManifest.xml:35:13-100
154            android:enabled="true"
154-->[com.google.android.gms:play-services-measurement:17.2.2] AndroidManifest.xml:36:13-35
155            android:exported="true"
155-->[com.google.android.gms:play-services-measurement:17.2.2] AndroidManifest.xml:37:13-36
156            android:permission="android.permission.INSTALL_PACKAGES" >
156-->[com.google.android.gms:play-services-measurement:17.2.2] AndroidManifest.xml:38:13-69
157            <intent-filter>
157-->[com.google.android.gms:play-services-measurement:17.2.2] AndroidManifest.xml:39:13-41:29
158                <action android:name="com.android.vending.INSTALL_REFERRER" />
158-->[com.google.android.gms:play-services-measurement:17.2.2] AndroidManifest.xml:40:17-79
158-->[com.google.android.gms:play-services-measurement:17.2.2] AndroidManifest.xml:40:25-76
159            </intent-filter>
160        </receiver>
161
162        <service
162-->[com.google.android.gms:play-services-measurement:17.2.2] AndroidManifest.xml:44:9-47:40
163            android:name="com.google.android.gms.measurement.AppMeasurementService"
163-->[com.google.android.gms:play-services-measurement:17.2.2] AndroidManifest.xml:45:13-84
164            android:enabled="true"
164-->[com.google.android.gms:play-services-measurement:17.2.2] AndroidManifest.xml:46:13-35
165            android:exported="false" />
165-->[com.google.android.gms:play-services-measurement:17.2.2] AndroidManifest.xml:47:13-37
166        <service
166-->[com.google.android.gms:play-services-measurement:17.2.2] AndroidManifest.xml:48:9-52:72
167            android:name="com.google.android.gms.measurement.AppMeasurementJobService"
167-->[com.google.android.gms:play-services-measurement:17.2.2] AndroidManifest.xml:49:13-87
168            android:enabled="true"
168-->[com.google.android.gms:play-services-measurement:17.2.2] AndroidManifest.xml:50:13-35
169            android:exported="false"
169-->[com.google.android.gms:play-services-measurement:17.2.2] AndroidManifest.xml:51:13-37
170            android:permission="android.permission.BIND_JOB_SERVICE" />
170-->[com.google.android.gms:play-services-measurement:17.2.2] AndroidManifest.xml:52:13-69
171
172        <activity
172-->[com.google.android.gms:play-services-base:17.1.0] AndroidManifest.xml:23:9-26:75
173            android:name="com.google.android.gms.common.api.GoogleApiActivity"
173-->[com.google.android.gms:play-services-base:17.1.0] AndroidManifest.xml:24:13-79
174            android:exported="false"
174-->[com.google.android.gms:play-services-base:17.1.0] AndroidManifest.xml:25:13-37
175            android:theme="@android:style/Theme.Translucent.NoTitleBar" />
175-->[com.google.android.gms:play-services-base:17.1.0] AndroidManifest.xml:26:13-72
176
177        <meta-data
177-->[com.google.android.gms:play-services-basement:17.0.0] AndroidManifest.xml:23:9-25:69
178            android:name="com.google.android.gms.version"
178-->[com.google.android.gms:play-services-basement:17.0.0] AndroidManifest.xml:24:13-58
179            android:value="@integer/google_play_services_version" />
179-->[com.google.android.gms:play-services-basement:17.0.0] AndroidManifest.xml:25:13-66
180
181        <provider
181-->[androidx.lifecycle:lifecycle-process:2.0.0] AndroidManifest.xml:23:9-27:43
182            android:name="androidx.lifecycle.ProcessLifecycleOwnerInitializer"
182-->[androidx.lifecycle:lifecycle-process:2.0.0] AndroidManifest.xml:24:13-79
183            android:authorities="com.example.i_store.lifecycle-process"
183-->[androidx.lifecycle:lifecycle-process:2.0.0] AndroidManifest.xml:25:13-69
184            android:exported="false"
184-->[androidx.lifecycle:lifecycle-process:2.0.0] AndroidManifest.xml:26:13-37
185            android:multiprocess="true" />
185-->[androidx.lifecycle:lifecycle-process:2.0.0] AndroidManifest.xml:27:13-40
186    </application>
187
188</manifest>